<?xml version="1.0" encoding="UTF-8" ?>
<testsuite failures="0" time="0.023" errors="0" skipped="0" tests="1" name="nl.bsoft.network.AppTest">
  <properties>
    <property name="java.runtime.name" value="Java(TM) SE Runtime Environment"/>
    <property name="sun.boot.library.path" value="/opt/jdk1.6.0_18/jre/lib/amd64"/>
    <property name="java.vm.version" value="16.0-b13"/>
    <property name="java.vm.vendor" value="Sun Microsystems Inc."/>
    <property name="java.vendor.url" value="http://java.sun.com/"/>
    <property name="path.separator" value=":"/>
    <property name="java.vm.name" value="Java HotSpot(TM) 64-Bit Server VM"/>
    <property name="file.encoding.pkg" value="sun.io"/>
    <property name="user.country" value="US"/>
    <property name="sun.java.launcher" value="SUN_STANDARD"/>
    <property name="sun.os.patch.level" value="unknown"/>
    <property name="java.vm.specification.name" value="Java Virtual Machine Specification"/>
    <property name="user.dir" value="/home/bvpelt/workspace-helios/WebProxy"/>
    <property name="java.runtime.version" value="1.6.0_18-b07"/>
    <property name="java.awt.graphicsenv" value="sun.awt.X11GraphicsEnvironment"/>
    <property name="basedir" value="/home/bvpelt/workspace-helios/WebProxy"/>
    <property name="java.endorsed.dirs" value="/opt/jdk1.6.0_18/jre/lib/endorsed"/>
    <property name="os.arch" value="amd64"/>
    <property name="surefire.real.class.path" value="/tmp/surefirebooter8267728469298591201.jar"/>
    <property name="java.io.tmpdir" value="/tmp"/>
    <property name="line.separator" value="
"/>
    <property name="java.vm.specification.vendor" value="Sun Microsystems Inc."/>
    <property name="os.name" value="Linux"/>
    <property name="sun.jnu.encoding" value="UTF-8"/>
    <property name="java.library.path" value="/opt/jdk1.6.0_18/jre/lib/amd64/server:/opt/jdk1.6.0_18/jre/lib/amd64:/opt/jdk1.6.0_18/jre/../lib/amd64:/usr/java/packages/lib/amd64:/usr/lib64:/lib64:/lib:/usr/lib"/>
    <property name="surefire.test.class.path" value="/home/bvpelt/workspace-helios/WebProxy/target/test-classes:/home/bvpelt/workspace-helios/WebProxy/target/classes:/home/bvpelt/.m2/repository/junit/junit/3.8.1/junit-3.8.1.jar:/home/bvpelt/.m2/repository/javax/servlet/servlet-api/2.5/servlet-api-2.5.jar:/home/bvpelt/.m2/repository/org/mod4j/org/apache/commons/logging/1.0.4/logging-1.0.4.jar:/home/bvpelt/.m2/repository/org/apache/commons/commons-io/1.3.2/commons-io-1.3.2.jar:/home/bvpelt/.m2/repository/org/mod4j/org/apache/commons/lang/2.1.0/lang-2.1.0.jar:/home/bvpelt/.m2/repository/commons-configuration/commons-configuration/1.6/commons-configuration-1.6.jar:/home/bvpelt/.m2/repository/commons-collections/commons-collections/3.2.1/commons-collections-3.2.1.jar:/home/bvpelt/.m2/repository/commons-lang/commons-lang/2.4/commons-lang-2.4.jar:/home/bvpelt/.m2/repository/commons-logging/commons-logging/1.1.1/commons-logging-1.1.1.jar:/home/bvpelt/.m2/repository/commons-digester/commons-digester/1.8/commons-digester-1.8.jar:/home/bvpelt/.m2/repository/commons-beanutils/commons-beanutils/1.7.0/commons-beanutils-1.7.0.jar:/home/bvpelt/.m2/repository/commons-beanutils/commons-beanutils-core/1.8.0/commons-beanutils-core-1.8.0.jar:/home/bvpelt/.m2/repository/log4j/log4j/1.2.14/log4j-1.2.14.jar:"/>
    <property name="java.specification.name" value="Java Platform API Specification"/>
    <property name="java.class.version" value="50.0"/>
    <property name="sun.management.compiler" value="HotSpot 64-Bit Server Compiler"/>
    <property name="os.version" value="2.6.32.26-175.fc12.x86_64"/>
    <property name="user.home" value="/home/bvpelt"/>
    <property name="user.timezone" value=""/>
    <property name="java.awt.printerjob" value="sun.print.PSPrinterJob"/>
    <property name="file.encoding" value="UTF-8"/>
    <property name="java.specification.version" value="1.6"/>
    <property name="user.name" value="bvpelt"/>
    <property name="java.class.path" value="/home/bvpelt/workspace-helios/WebProxy/target/test-classes:/home/bvpelt/workspace-helios/WebProxy/target/classes:/home/bvpelt/.m2/repository/junit/junit/3.8.1/junit-3.8.1.jar:/home/bvpelt/.m2/repository/javax/servlet/servlet-api/2.5/servlet-api-2.5.jar:/home/bvpelt/.m2/repository/org/mod4j/org/apache/commons/logging/1.0.4/logging-1.0.4.jar:/home/bvpelt/.m2/repository/org/apache/commons/commons-io/1.3.2/commons-io-1.3.2.jar:/home/bvpelt/.m2/repository/org/mod4j/org/apache/commons/lang/2.1.0/lang-2.1.0.jar:/home/bvpelt/.m2/repository/commons-configuration/commons-configuration/1.6/commons-configuration-1.6.jar:/home/bvpelt/.m2/repository/commons-collections/commons-collections/3.2.1/commons-collections-3.2.1.jar:/home/bvpelt/.m2/repository/commons-lang/commons-lang/2.4/commons-lang-2.4.jar:/home/bvpelt/.m2/repository/commons-logging/commons-logging/1.1.1/commons-logging-1.1.1.jar:/home/bvpelt/.m2/repository/commons-digester/commons-digester/1.8/commons-digester-1.8.jar:/home/bvpelt/.m2/repository/commons-beanutils/commons-beanutils/1.7.0/commons-beanutils-1.7.0.jar:/home/bvpelt/.m2/repository/commons-beanutils/commons-beanutils-core/1.8.0/commons-beanutils-core-1.8.0.jar:/home/bvpelt/.m2/repository/log4j/log4j/1.2.14/log4j-1.2.14.jar:"/>
    <property name="java.vm.specification.version" value="1.0"/>
    <property name="sun.arch.data.model" value="64"/>
    <property name="java.home" value="/opt/jdk1.6.0_18/jre"/>
    <property name="java.specification.vendor" value="Sun Microsystems Inc."/>
    <property name="user.language" value="en"/>
    <property name="java.vm.info" value="mixed mode"/>
    <property name="java.version" value="1.6.0_18"/>
    <property name="java.ext.dirs" value="/opt/jdk1.6.0_18/jre/lib/ext:/usr/java/packages/lib/ext"/>
    <property name="sun.boot.class.path" value="/opt/jdk1.6.0_18/jre/lib/resources.jar:/opt/jdk1.6.0_18/jre/lib/rt.jar:/opt/jdk1.6.0_18/jre/lib/sunrsasign.jar:/opt/jdk1.6.0_18/jre/lib/jsse.jar:/opt/jdk1.6.0_18/jre/lib/jce.jar:/opt/jdk1.6.0_18/jre/lib/charsets.jar:/opt/jdk1.6.0_18/jre/classes"/>
    <property name="java.vendor" value="Sun Microsystems Inc."/>
    <property name="localRepository" value="/home/bvpelt/.m2/repository"/>
    <property name="file.separator" value="/"/>
    <property name="java.vendor.url.bug" value="http://java.sun.com/cgi-bin/bugreport.cgi"/>
    <property name="sun.cpu.endian" value="little"/>
    <property name="sun.io.unicode.encoding" value="UnicodeLittle"/>
    <property name="sun.desktop" value="gnome"/>
    <property name="sun.cpu.isalist" value=""/>
  </properties>
  <testcase time="0.004" classname="nl.bsoft.network.AppTest" name="testApp"/>
</testsuite>